{"/Users/rennandouglas/Documents/work/rocketseat/projects/ignite-rn-08-iweather/src/assets/background.png": {"path":"/Users/rennandouglas/Documents/work/rocketseat/projects/ignite-rn-08-iweather/src/assets/background.png","statementMap":{"0":{"start":{"line":1,"column":0},"end":{"line":1,"column":19}}},"fnMap":{},"branchMap":{},"s":{"0":1},"f":{},"b":{},"_coverageSchema":"1a1c01bbd47fc00a2c39e90264f33305004495a9","hash":"c0ed6babd5c1d7c0f516ddb6d26898c4092cff7d"}
,"/Users/rennandouglas/Documents/work/rocketseat/projects/ignite-rn-08-iweather/src/assets/bg_clear_day.png": {"path":"/Users/rennandouglas/Documents/work/rocketseat/projects/ignite-rn-08-iweather/src/assets/bg_clear_day.png","statementMap":{"0":{"start":{"line":1,"column":0},"end":{"line":1,"column":19}}},"fnMap":{},"branchMap":{},"s":{"0":2},"f":{},"b":{},"_coverageSchema":"1a1c01bbd47fc00a2c39e90264f33305004495a9","hash":"1db0842f2bc7bd614414db437d48e2c564447147"}
,"/Users/rennandouglas/Documents/work/rocketseat/projects/ignite-rn-08-iweather/src/assets/bg_clear_night.png": {"path":"/Users/rennandouglas/Documents/work/rocketseat/projects/ignite-rn-08-iweather/src/assets/bg_clear_night.png","statementMap":{"0":{"start":{"line":1,"column":0},"end":{"line":1,"column":19}}},"fnMap":{},"branchMap":{},"s":{"0":2},"f":{},"b":{},"_coverageSchema":"1a1c01bbd47fc00a2c39e90264f33305004495a9","hash":"442ce4bc2263508bc47ca2ec7cf3c201a1e096fe"}
,"/Users/rennandouglas/Documents/work/rocketseat/projects/ignite-rn-08-iweather/src/assets/bg_cloudy_day.png": {"path":"/Users/rennandouglas/Documents/work/rocketseat/projects/ignite-rn-08-iweather/src/assets/bg_cloudy_day.png","statementMap":{"0":{"start":{"line":1,"column":0},"end":{"line":1,"column":19}}},"fnMap":{},"branchMap":{},"s":{"0":2},"f":{},"b":{},"_coverageSchema":"1a1c01bbd47fc00a2c39e90264f33305004495a9","hash":"bd3ae8482a35bc186d60a6b3e750e6afa0a66ec6"}
,"/Users/rennandouglas/Documents/work/rocketseat/projects/ignite-rn-08-iweather/src/assets/bg_cloudy_night.png": {"path":"/Users/rennandouglas/Documents/work/rocketseat/projects/ignite-rn-08-iweather/src/assets/bg_cloudy_night.png","statementMap":{"0":{"start":{"line":1,"column":0},"end":{"line":1,"column":19}}},"fnMap":{},"branchMap":{},"s":{"0":2},"f":{},"b":{},"_coverageSchema":"1a1c01bbd47fc00a2c39e90264f33305004495a9","hash":"9039be933dab23e27b94c047d71f7e7e5a2c097b"}
,"/Users/rennandouglas/Documents/work/rocketseat/projects/ignite-rn-08-iweather/src/assets/bg_rain_day.png": {"path":"/Users/rennandouglas/Documents/work/rocketseat/projects/ignite-rn-08-iweather/src/assets/bg_rain_day.png","statementMap":{"0":{"start":{"line":1,"column":0},"end":{"line":1,"column":19}}},"fnMap":{},"branchMap":{},"s":{"0":2},"f":{},"b":{},"_coverageSchema":"1a1c01bbd47fc00a2c39e90264f33305004495a9","hash":"a74787283dd120e32dc57e0fe49aa38669872d8b"}
,"/Users/rennandouglas/Documents/work/rocketseat/projects/ignite-rn-08-iweather/src/assets/bg_rain_night.png": {"path":"/Users/rennandouglas/Documents/work/rocketseat/projects/ignite-rn-08-iweather/src/assets/bg_rain_night.png","statementMap":{"0":{"start":{"line":1,"column":0},"end":{"line":1,"column":19}}},"fnMap":{},"branchMap":{},"s":{"0":2},"f":{},"b":{},"_coverageSchema":"1a1c01bbd47fc00a2c39e90264f33305004495a9","hash":"3204cc3153d9262f7db375c3093542f0bdefe1d7"}
,"/Users/rennandouglas/Documents/work/rocketseat/projects/ignite-rn-08-iweather/src/assets/bg_snow_day.png": {"path":"/Users/rennandouglas/Documents/work/rocketseat/projects/ignite-rn-08-iweather/src/assets/bg_snow_day.png","statementMap":{"0":{"start":{"line":1,"column":0},"end":{"line":1,"column":19}}},"fnMap":{},"branchMap":{},"s":{"0":2},"f":{},"b":{},"_coverageSchema":"1a1c01bbd47fc00a2c39e90264f33305004495a9","hash":"27eecefe350e3fc7736950e0f20ab5394e49787c"}
,"/Users/rennandouglas/Documents/work/rocketseat/projects/ignite-rn-08-iweather/src/assets/bg_snow_night.png": {"path":"/Users/rennandouglas/Documents/work/rocketseat/projects/ignite-rn-08-iweather/src/assets/bg_snow_night.png","statementMap":{"0":{"start":{"line":1,"column":0},"end":{"line":1,"column":19}}},"fnMap":{},"branchMap":{},"s":{"0":2},"f":{},"b":{},"_coverageSchema":"1a1c01bbd47fc00a2c39e90264f33305004495a9","hash":"65df6c208a31ad9a300e73783b956538932aab2c"}
,"/Users/rennandouglas/Documents/work/rocketseat/projects/ignite-rn-08-iweather/src/assets/clear_day.svg": {"path":"/Users/rennandouglas/Documents/work/rocketseat/projects/ignite-rn-08-iweather/src/assets/clear_day.svg","statementMap":{"0":{"start":{"line":2,"column":14},"end":{"line":2,"column":30}},"1":{"start":{"line":4,"column":2},"end":{"line":7,"column":4}},"2":{"start":{"line":9,"column":0},"end":{"line":9,"column":30}}},"fnMap":{"0":{"name":"SvgClear_day","decl":{"start":{"line":3,"column":9},"end":{"line":3,"column":21}},"loc":{"start":{"line":3,"column":29},"end":{"line":8,"column":1}},"line":3}},"branchMap":{},"s":{"0":4,"1":10,"2":4},"f":{"0":10},"b":{},"_coverageSchema":"1a1c01bbd47fc00a2c39e90264f33305004495a9","hash":"69140a56c24b31a9fbbc8016cffc19b32413a5f8"}
,"/Users/rennandouglas/Documents/work/rocketseat/projects/ignite-rn-08-iweather/src/assets/clear_night.svg": {"path":"/Users/rennandouglas/Documents/work/rocketseat/projects/ignite-rn-08-iweather/src/assets/clear_night.svg","statementMap":{"0":{"start":{"line":2,"column":14},"end":{"line":2,"column":30}},"1":{"start":{"line":4,"column":2},"end":{"line":7,"column":4}},"2":{"start":{"line":9,"column":0},"end":{"line":9,"column":32}}},"fnMap":{"0":{"name":"SvgClear_night","decl":{"start":{"line":3,"column":9},"end":{"line":3,"column":23}},"loc":{"start":{"line":3,"column":31},"end":{"line":8,"column":1}},"line":3}},"branchMap":{},"s":{"0":2,"1":0,"2":2},"f":{"0":0},"b":{},"_coverageSchema":"1a1c01bbd47fc00a2c39e90264f33305004495a9","hash":"e83f250e5f0313c7f5e05ff6d5cecc83d9b46a50"}
,"/Users/rennandouglas/Documents/work/rocketseat/projects/ignite-rn-08-iweather/src/assets/cloudy_day.svg": {"path":"/Users/rennandouglas/Documents/work/rocketseat/projects/ignite-rn-08-iweather/src/assets/cloudy_day.svg","statementMap":{"0":{"start":{"line":2,"column":14},"end":{"line":2,"column":30}},"1":{"start":{"line":4,"column":2},"end":{"line":7,"column":4}},"2":{"start":{"line":9,"column":0},"end":{"line":9,"column":31}}},"fnMap":{"0":{"name":"SvgCloudy_day","decl":{"start":{"line":3,"column":9},"end":{"line":3,"column":22}},"loc":{"start":{"line":3,"column":30},"end":{"line":8,"column":1}},"line":3}},"branchMap":{},"s":{"0":2,"1":0,"2":2},"f":{"0":0},"b":{},"_coverageSchema":"1a1c01bbd47fc00a2c39e90264f33305004495a9","hash":"a36223b214b24237984676c3a16385a3e96ebd65"}
,"/Users/rennandouglas/Documents/work/rocketseat/projects/ignite-rn-08-iweather/src/assets/cloudy_night.svg": {"path":"/Users/rennandouglas/Documents/work/rocketseat/projects/ignite-rn-08-iweather/src/assets/cloudy_night.svg","statementMap":{"0":{"start":{"line":2,"column":14},"end":{"line":2,"column":30}},"1":{"start":{"line":4,"column":2},"end":{"line":7,"column":4}},"2":{"start":{"line":9,"column":0},"end":{"line":9,"column":33}}},"fnMap":{"0":{"name":"SvgCloudy_night","decl":{"start":{"line":3,"column":9},"end":{"line":3,"column":24}},"loc":{"start":{"line":3,"column":32},"end":{"line":8,"column":1}},"line":3}},"branchMap":{},"s":{"0":2,"1":0,"2":2},"f":{"0":0},"b":{},"_coverageSchema":"1a1c01bbd47fc00a2c39e90264f33305004495a9","hash":"273fdcd7a205929e029a861a9e1bc1452a456bbc"}
,"/Users/rennandouglas/Documents/work/rocketseat/projects/ignite-rn-08-iweather/src/assets/drop.svg": {"path":"/Users/rennandouglas/Documents/work/rocketseat/projects/ignite-rn-08-iweather/src/assets/drop.svg","statementMap":{"0":{"start":{"line":2,"column":14},"end":{"line":2,"column":30}},"1":{"start":{"line":4,"column":2},"end":{"line":7,"column":4}},"2":{"start":{"line":9,"column":0},"end":{"line":9,"column":25}}},"fnMap":{"0":{"name":"SvgDrop","decl":{"start":{"line":3,"column":9},"end":{"line":3,"column":16}},"loc":{"start":{"line":3,"column":24},"end":{"line":8,"column":1}},"line":3}},"branchMap":{},"s":{"0":2,"1":3,"2":2},"f":{"0":3},"b":{},"_coverageSchema":"1a1c01bbd47fc00a2c39e90264f33305004495a9","hash":"013782c2eb3be8b400891da742939691a9ecb8aa"}
,"/Users/rennandouglas/Documents/work/rocketseat/projects/ignite-rn-08-iweather/src/assets/logo.svg": {"path":"/Users/rennandouglas/Documents/work/rocketseat/projects/ignite-rn-08-iweather/src/assets/logo.svg","statementMap":{"0":{"start":{"line":2,"column":14},"end":{"line":2,"column":30}},"1":{"start":{"line":4,"column":2},"end":{"line":7,"column":4}},"2":{"start":{"line":9,"column":0},"end":{"line":9,"column":25}}},"fnMap":{"0":{"name":"SvgLogo","decl":{"start":{"line":3,"column":9},"end":{"line":3,"column":16}},"loc":{"start":{"line":3,"column":24},"end":{"line":8,"column":1}},"line":3}},"branchMap":{},"s":{"0":1,"1":4,"2":1},"f":{"0":4},"b":{},"_coverageSchema":"1a1c01bbd47fc00a2c39e90264f33305004495a9","hash":"c76e18e34528c55aef77be3fc40be2e8056e755c"}
,"/Users/rennandouglas/Documents/work/rocketseat/projects/ignite-rn-08-iweather/src/assets/rain.svg": {"path":"/Users/rennandouglas/Documents/work/rocketseat/projects/ignite-rn-08-iweather/src/assets/rain.svg","statementMap":{"0":{"start":{"line":2,"column":14},"end":{"line":2,"column":30}},"1":{"start":{"line":4,"column":2},"end":{"line":7,"column":4}},"2":{"start":{"line":9,"column":0},"end":{"line":9,"column":25}}},"fnMap":{"0":{"name":"SvgRain","decl":{"start":{"line":3,"column":9},"end":{"line":3,"column":16}},"loc":{"start":{"line":3,"column":24},"end":{"line":8,"column":1}},"line":3}},"branchMap":{},"s":{"0":1,"1":2,"2":1},"f":{"0":2},"b":{},"_coverageSchema":"1a1c01bbd47fc00a2c39e90264f33305004495a9","hash":"6aa2837106e5023f98c4db8d49e602dcec8baee6"}
,"/Users/rennandouglas/Documents/work/rocketseat/projects/ignite-rn-08-iweather/src/assets/rain_moment_day.svg": {"path":"/Users/rennandouglas/Documents/work/rocketseat/projects/ignite-rn-08-iweather/src/assets/rain_moment_day.svg","statementMap":{"0":{"start":{"line":2,"column":14},"end":{"line":2,"column":30}},"1":{"start":{"line":4,"column":2},"end":{"line":7,"column":4}},"2":{"start":{"line":9,"column":0},"end":{"line":9,"column":36}}},"fnMap":{"0":{"name":"SvgRain_moment_day","decl":{"start":{"line":3,"column":9},"end":{"line":3,"column":27}},"loc":{"start":{"line":3,"column":35},"end":{"line":8,"column":1}},"line":3}},"branchMap":{},"s":{"0":2,"1":0,"2":2},"f":{"0":0},"b":{},"_coverageSchema":"1a1c01bbd47fc00a2c39e90264f33305004495a9","hash":"c58638a2ca37fa5967e7c2d95761ea21ea51de0b"}
,"/Users/rennandouglas/Documents/work/rocketseat/projects/ignite-rn-08-iweather/src/assets/snow_day.svg": {"path":"/Users/rennandouglas/Documents/work/rocketseat/projects/ignite-rn-08-iweather/src/assets/snow_day.svg","statementMap":{"0":{"start":{"line":2,"column":14},"end":{"line":2,"column":30}},"1":{"start":{"line":4,"column":2},"end":{"line":7,"column":4}},"2":{"start":{"line":9,"column":0},"end":{"line":9,"column":29}}},"fnMap":{"0":{"name":"SvgSnow_day","decl":{"start":{"line":3,"column":9},"end":{"line":3,"column":20}},"loc":{"start":{"line":3,"column":28},"end":{"line":8,"column":1}},"line":3}},"branchMap":{},"s":{"0":2,"1":0,"2":2},"f":{"0":0},"b":{},"_coverageSchema":"1a1c01bbd47fc00a2c39e90264f33305004495a9","hash":"5dc7a4c04fdb515f7337d56b0bf72f01e3ea7b2d"}
,"/Users/rennandouglas/Documents/work/rocketseat/projects/ignite-rn-08-iweather/src/assets/snow_night.svg": {"path":"/Users/rennandouglas/Documents/work/rocketseat/projects/ignite-rn-08-iweather/src/assets/snow_night.svg","statementMap":{"0":{"start":{"line":2,"column":14},"end":{"line":2,"column":30}},"1":{"start":{"line":4,"column":2},"end":{"line":7,"column":4}},"2":{"start":{"line":9,"column":0},"end":{"line":9,"column":31}}},"fnMap":{"0":{"name":"SvgSnow_night","decl":{"start":{"line":3,"column":9},"end":{"line":3,"column":22}},"loc":{"start":{"line":3,"column":30},"end":{"line":8,"column":1}},"line":3}},"branchMap":{},"s":{"0":2,"1":0,"2":2},"f":{"0":0},"b":{},"_coverageSchema":"1a1c01bbd47fc00a2c39e90264f33305004495a9","hash":"ed28006a9b47ba60eb60d604efd96b1f829ceedd"}
,"/Users/rennandouglas/Documents/work/rocketseat/projects/ignite-rn-08-iweather/src/assets/sun.svg": {"path":"/Users/rennandouglas/Documents/work/rocketseat/projects/ignite-rn-08-iweather/src/assets/sun.svg","statementMap":{"0":{"start":{"line":2,"column":14},"end":{"line":2,"column":30}},"1":{"start":{"line":4,"column":2},"end":{"line":7,"column":4}},"2":{"start":{"line":9,"column":0},"end":{"line":9,"column":24}}},"fnMap":{"0":{"name":"SvgSun","decl":{"start":{"line":3,"column":9},"end":{"line":3,"column":15}},"loc":{"start":{"line":3,"column":23},"end":{"line":8,"column":1}},"line":3}},"branchMap":{},"s":{"0":1,"1":2,"2":1},"f":{"0":2},"b":{},"_coverageSchema":"1a1c01bbd47fc00a2c39e90264f33305004495a9","hash":"b1a254fd27638e835a01806256eb3d6cb6efdd7a"}
,"/Users/rennandouglas/Documents/work/rocketseat/projects/ignite-rn-08-iweather/src/assets/thermometer.svg": {"path":"/Users/rennandouglas/Documents/work/rocketseat/projects/ignite-rn-08-iweather/src/assets/thermometer.svg","statementMap":{"0":{"start":{"line":2,"column":14},"end":{"line":2,"column":30}},"1":{"start":{"line":4,"column":2},"end":{"line":7,"column":4}},"2":{"start":{"line":9,"column":0},"end":{"line":9,"column":32}}},"fnMap":{"0":{"name":"SvgThermometer","decl":{"start":{"line":3,"column":9},"end":{"line":3,"column":23}},"loc":{"start":{"line":3,"column":31},"end":{"line":8,"column":1}},"line":3}},"branchMap":{},"s":{"0":1,"1":2,"2":1},"f":{"0":2},"b":{},"_coverageSchema":"1a1c01bbd47fc00a2c39e90264f33305004495a9","hash":"71190838c303686674f3b6aa3f78780e1ae7a0c2"}
,"/Users/rennandouglas/Documents/work/rocketseat/projects/ignite-rn-08-iweather/src/assets/wind.svg": {"path":"/Users/rennandouglas/Documents/work/rocketseat/projects/ignite-rn-08-iweather/src/assets/wind.svg","statementMap":{"0":{"start":{"line":2,"column":14},"end":{"line":2,"column":30}},"1":{"start":{"line":4,"column":2},"end":{"line":7,"column":4}},"2":{"start":{"line":9,"column":0},"end":{"line":9,"column":25}}},"fnMap":{"0":{"name":"SvgWind","decl":{"start":{"line":3,"column":9},"end":{"line":3,"column":16}},"loc":{"start":{"line":3,"column":24},"end":{"line":8,"column":1}},"line":3}},"branchMap":{},"s":{"0":1,"1":2,"2":1},"f":{"0":2},"b":{},"_coverageSchema":"1a1c01bbd47fc00a2c39e90264f33305004495a9","hash":"310df455c4ed4210ea0fbb919a347e42ffdc1942"}
,"/Users/rennandouglas/Documents/work/rocketseat/projects/ignite-rn-08-iweather/src/components/Day/index.tsx": {"path":"/Users/rennandouglas/Documents/work/rocketseat/projects/ignite-rn-08-iweather/src/components/Day/index.tsx","statementMap":{"0":{"start":{"line":19,"column":25},"end":{"line":19,"column":29}},"1":{"start":{"line":21,"column":2},"end":{"line":37,"column":4}}},"fnMap":{"0":{"name":"Day","decl":{"start":{"line":18,"column":16},"end":{"line":18,"column":19}},"loc":{"start":{"line":18,"column":37},"end":{"line":38,"column":1}},"line":18}},"branchMap":{},"s":{"0":8,"1":8},"f":{"0":8},"b":{},"_coverageSchema":"1a1c01bbd47fc00a2c39e90264f33305004495a9","hash":"920b3b891587bc6069c8cace93e4e9e411a3fb47"}
,"/Users/rennandouglas/Documents/work/rocketseat/projects/ignite-rn-08-iweather/src/components/Day/styles.ts": {"path":"/Users/rennandouglas/Documents/work/rocketseat/projects/ignite-rn-08-iweather/src/components/Day/styles.ts","statementMap":{"0":{"start":{"line":4,"column":22},"end":{"line":28,"column":2}}},"fnMap":{},"branchMap":{},"s":{"0":3},"f":{},"b":{},"_coverageSchema":"1a1c01bbd47fc00a2c39e90264f33305004495a9","hash":"6209acc0c71ec12232ddcb11b21b2a3c0876f244"}
,"/Users/rennandouglas/Documents/work/rocketseat/projects/ignite-rn-08-iweather/src/components/Input/index.tsx": {"path":"/Users/rennandouglas/Documents/work/rocketseat/projects/ignite-rn-08-iweather/src/components/Input/index.tsx","statementMap":{"0":{"start":{"line":11,"column":2},"end":{"line":28,"column":4}}},"fnMap":{"0":{"name":"Input","decl":{"start":{"line":10,"column":16},"end":{"line":10,"column":21}},"loc":{"start":{"line":10,"column":61},"end":{"line":29,"column":1}},"line":10}},"branchMap":{"0":{"loc":{"start":{"line":10,"column":24},"end":{"line":10,"column":41}},"type":"default-arg","locations":[{"start":{"line":10,"column":36},"end":{"line":10,"column":41}}],"line":10},"1":{"loc":{"start":{"line":20,"column":8},"end":{"line":25,"column":9}},"type":"binary-expr","locations":[{"start":{"line":20,"column":8},"end":{"line":20,"column":17}},{"start":{"line":21,"column":10},"end":{"line":24,"column":12}}],"line":20}},"s":{"0":10},"f":{"0":10},"b":{"0":[3],"1":[10,1]},"_coverageSchema":"1a1c01bbd47fc00a2c39e90264f33305004495a9","hash":"7dc5a6249a2fc014c19010c2d0578bb268415d7e"}
,"/Users/rennandouglas/Documents/work/rocketseat/projects/ignite-rn-08-iweather/src/components/Input/styles.ts": {"path":"/Users/rennandouglas/Documents/work/rocketseat/projects/ignite-rn-08-iweather/src/components/Input/styles.ts","statementMap":{"0":{"start":{"line":4,"column":22},"end":{"line":19,"column":2}}},"fnMap":{},"branchMap":{},"s":{"0":3},"f":{},"b":{},"_coverageSchema":"1a1c01bbd47fc00a2c39e90264f33305004495a9","hash":"250bba279ad15fe208dbb7008e29fb39b4120cbf"}
,"/Users/rennandouglas/Documents/work/rocketseat/projects/ignite-rn-08-iweather/src/components/Loading/index.tsx": {"path":"/Users/rennandouglas/Documents/work/rocketseat/projects/ignite-rn-08-iweather/src/components/Loading/index.tsx","statementMap":{"0":{"start":{"line":7,"column":2},"end":{"line":11,"column":4}}},"fnMap":{"0":{"name":"Loading","decl":{"start":{"line":6,"column":16},"end":{"line":6,"column":23}},"loc":{"start":{"line":6,"column":26},"end":{"line":12,"column":1}},"line":6}},"branchMap":{},"s":{"0":6},"f":{"0":6},"b":{},"_coverageSchema":"1a1c01bbd47fc00a2c39e90264f33305004495a9","hash":"47f7523e711fef2172bfd2faf5a93f9a7554af81"}
,"/Users/rennandouglas/Documents/work/rocketseat/projects/ignite-rn-08-iweather/src/components/Loading/styles.ts": {"path":"/Users/rennandouglas/Documents/work/rocketseat/projects/ignite-rn-08-iweather/src/components/Loading/styles.ts","statementMap":{"0":{"start":{"line":4,"column":22},"end":{"line":11,"column":2}}},"fnMap":{},"branchMap":{},"s":{"0":1},"f":{},"b":{},"_coverageSchema":"1a1c01bbd47fc00a2c39e90264f33305004495a9","hash":"ac893a6a223a42e2bc6de9e03b16664b3fe01cac"}
,"/Users/rennandouglas/Documents/work/rocketseat/projects/ignite-rn-08-iweather/src/components/NextDays/index.tsx": {"path":"/Users/rennandouglas/Documents/work/rocketseat/projects/ignite-rn-08-iweather/src/components/NextDays/index.tsx","statementMap":{"0":{"start":{"line":12,"column":2},"end":{"line":20,"column":4}},"1":{"start":{"line":16,"column":10},"end":{"line":16,"column":42}}},"fnMap":{"0":{"name":"NextDays","decl":{"start":{"line":11,"column":16},"end":{"line":11,"column":24}},"loc":{"start":{"line":11,"column":42},"end":{"line":21,"column":1}},"line":11},"1":{"name":"(anonymous_1)","decl":{"start":{"line":15,"column":17},"end":{"line":15,"column":18}},"loc":{"start":{"line":16,"column":10},"end":{"line":16,"column":42}},"line":16}},"branchMap":{},"s":{"0":3,"1":7},"f":{"0":3,"1":7},"b":{},"_coverageSchema":"1a1c01bbd47fc00a2c39e90264f33305004495a9","hash":"a08e8d1af1130e6ff973fbd2bf196be4208e1004"}
,"/Users/rennandouglas/Documents/work/rocketseat/projects/ignite-rn-08-iweather/src/components/NextDays/styles.ts": {"path":"/Users/rennandouglas/Documents/work/rocketseat/projects/ignite-rn-08-iweather/src/components/NextDays/styles.ts","statementMap":{"0":{"start":{"line":4,"column":22},"end":{"line":14,"column":2}}},"fnMap":{},"branchMap":{},"s":{"0":2},"f":{},"b":{},"_coverageSchema":"1a1c01bbd47fc00a2c39e90264f33305004495a9","hash":"844383d80461568ad1ff7164974fa87a472fac5e"}
,"/Users/rennandouglas/Documents/work/rocketseat/projects/ignite-rn-08-iweather/src/components/SelectList/index.tsx": {"path":"/Users/rennandouglas/Documents/work/rocketseat/projects/ignite-rn-08-iweather/src/components/SelectList/index.tsx","statementMap":{"0":{"start":{"line":17,"column":2},"end":{"line":42,"column":4}},"1":{"start":{"line":29,"column":12},"end":{"line":37,"column":31}},"2":{"start":{"line":32,"column":29},"end":{"line":32,"column":48}}},"fnMap":{"0":{"name":"SelectList","decl":{"start":{"line":16,"column":16},"end":{"line":16,"column":26}},"loc":{"start":{"line":16,"column":41},"end":{"line":43,"column":1}},"line":16},"1":{"name":"(anonymous_1)","decl":{"start":{"line":28,"column":25},"end":{"line":28,"column":26}},"loc":{"start":{"line":29,"column":12},"end":{"line":37,"column":31}},"line":29},"2":{"name":"(anonymous_2)","decl":{"start":{"line":32,"column":23},"end":{"line":32,"column":24}},"loc":{"start":{"line":32,"column":29},"end":{"line":32,"column":48}},"line":32}},"branchMap":{},"s":{"0":8,"1":2,"2":1},"f":{"0":8,"1":2,"2":1},"b":{},"_coverageSchema":"1a1c01bbd47fc00a2c39e90264f33305004495a9","hash":"6f117ca25b7a51b08e5fbbb498bbe0ecc45e39c9"}
,"/Users/rennandouglas/Documents/work/rocketseat/projects/ignite-rn-08-iweather/src/components/SelectList/styles.ts": {"path":"/Users/rennandouglas/Documents/work/rocketseat/projects/ignite-rn-08-iweather/src/components/SelectList/styles.ts","statementMap":{"0":{"start":{"line":4,"column":22},"end":{"line":28,"column":2}}},"fnMap":{},"branchMap":{},"s":{"0":2},"f":{},"b":{},"_coverageSchema":"1a1c01bbd47fc00a2c39e90264f33305004495a9","hash":"dfbfe2f56e020c7727c75ff19297059d0a245bff"}
,"/Users/rennandouglas/Documents/work/rocketseat/projects/ignite-rn-08-iweather/src/components/WeatherDetails/index.tsx": {"path":"/Users/rennandouglas/Documents/work/rocketseat/projects/ignite-rn-08-iweather/src/components/WeatherDetails/index.tsx","statementMap":{"0":{"start":{"line":26,"column":2},"end":{"line":59,"column":4}}},"fnMap":{"0":{"name":"WeatherDetails","decl":{"start":{"line":25,"column":16},"end":{"line":25,"column":30}},"loc":{"start":{"line":25,"column":48},"end":{"line":60,"column":1}},"line":25}},"branchMap":{},"s":{"0":2},"f":{"0":2},"b":{},"_coverageSchema":"1a1c01bbd47fc00a2c39e90264f33305004495a9","hash":"3be5d7a95e1f1b0ffb7fb502839d2441f25d6791"}
,"/Users/rennandouglas/Documents/work/rocketseat/projects/ignite-rn-08-iweather/src/components/WeatherDetails/styles.ts": {"path":"/Users/rennandouglas/Documents/work/rocketseat/projects/ignite-rn-08-iweather/src/components/WeatherDetails/styles.ts","statementMap":{"0":{"start":{"line":4,"column":22},"end":{"line":11,"column":2}}},"fnMap":{},"branchMap":{},"s":{"0":1},"f":{},"b":{},"_coverageSchema":"1a1c01bbd47fc00a2c39e90264f33305004495a9","hash":"58a15e59fc8eefea199ba449d09d6cdad5beb82a"}
,"/Users/rennandouglas/Documents/work/rocketseat/projects/ignite-rn-08-iweather/src/components/WeatherItem/index.tsx": {"path":"/Users/rennandouglas/Documents/work/rocketseat/projects/ignite-rn-08-iweather/src/components/WeatherItem/index.tsx","statementMap":{"0":{"start":{"line":14,"column":2},"end":{"line":26,"column":4}}},"fnMap":{"0":{"name":"WeatherItem","decl":{"start":{"line":13,"column":16},"end":{"line":13,"column":27}},"loc":{"start":{"line":13,"column":81},"end":{"line":27,"column":1}},"line":13}},"branchMap":{"0":{"loc":{"start":{"line":13,"column":56},"end":{"line":13,"column":70}},"type":"default-arg","locations":[{"start":{"line":13,"column":65},"end":{"line":13,"column":70}}],"line":13},"1":{"loc":{"start":{"line":15,"column":36},"end":{"line":15,"column":66}},"type":"binary-expr","locations":[{"start":{"line":15,"column":36},"end":{"line":15,"column":43}},{"start":{"line":15,"column":47},"end":{"line":15,"column":66}}],"line":15}},"s":{"0":11},"f":{"0":11},"b":{"0":[9],"1":[11,9]},"_coverageSchema":"1a1c01bbd47fc00a2c39e90264f33305004495a9","hash":"4879df7419b5504a2fccf4b064cb3710f5bf47d6"}
,"/Users/rennandouglas/Documents/work/rocketseat/projects/ignite-rn-08-iweather/src/components/WeatherItem/styles.ts": {"path":"/Users/rennandouglas/Documents/work/rocketseat/projects/ignite-rn-08-iweather/src/components/WeatherItem/styles.ts","statementMap":{"0":{"start":{"line":4,"column":22},"end":{"line":27,"column":2}}},"fnMap":{},"branchMap":{},"s":{"0":2},"f":{},"b":{},"_coverageSchema":"1a1c01bbd47fc00a2c39e90264f33305004495a9","hash":"c1ca3744e1ffe65f50742a49dc18dc0ec291b01c"}
,"/Users/rennandouglas/Documents/work/rocketseat/projects/ignite-rn-08-iweather/src/components/WeatherToday/index.tsx": {"path":"/Users/rennandouglas/Documents/work/rocketseat/projects/ignite-rn-08-iweather/src/components/WeatherToday/index.tsx","statementMap":{"0":{"start":{"line":23,"column":16},"end":{"line":23,"column":72}},"1":{"start":{"line":24,"column":16},"end":{"line":24,"column":27}},"2":{"start":{"line":26,"column":16},"end":{"line":26,"column":73}},"3":{"start":{"line":27,"column":15},"end":{"line":27,"column":78}},"4":{"start":{"line":29,"column":2},"end":{"line":59,"column":4}}},"fnMap":{"0":{"name":"WeatherToday","decl":{"start":{"line":22,"column":16},"end":{"line":22,"column":28}},"loc":{"start":{"line":22,"column":55},"end":{"line":60,"column":1}},"line":22}},"branchMap":{"0":{"loc":{"start":{"line":26,"column":16},"end":{"line":26,"column":73}},"type":"cond-expr","locations":[{"start":{"line":26,"column":24},"end":{"line":26,"column":46}},{"start":{"line":26,"column":49},"end":{"line":26,"column":73}}],"line":26},"1":{"loc":{"start":{"line":27,"column":15},"end":{"line":27,"column":78}},"type":"cond-expr","locations":[{"start":{"line":27,"column":23},"end":{"line":27,"column":48}},{"start":{"line":27,"column":51},"end":{"line":27,"column":78}}],"line":27}},"s":{"0":2,"1":2,"2":2,"3":2,"4":2},"f":{"0":2},"b":{"0":[2,0],"1":[2,0]},"_coverageSchema":"1a1c01bbd47fc00a2c39e90264f33305004495a9","hash":"9f811c234b3f3b7dae8eba398b3a8021b50128cc"}
,"/Users/rennandouglas/Documents/work/rocketseat/projects/ignite-rn-08-iweather/src/components/WeatherToday/styles.ts": {"path":"/Users/rennandouglas/Documents/work/rocketseat/projects/ignite-rn-08-iweather/src/components/WeatherToday/styles.ts","statementMap":{"0":{"start":{"line":4,"column":22},"end":{"line":48,"column":2}}},"fnMap":{},"branchMap":{},"s":{"0":1},"f":{},"b":{},"_coverageSchema":"1a1c01bbd47fc00a2c39e90264f33305004495a9","hash":"9b851a165dab835d32f5bf09cae08e324f66a6e6"}
,"/Users/rennandouglas/Documents/work/rocketseat/projects/ignite-rn-08-iweather/src/contexts/CityContext.tsx": {"path":"/Users/rennandouglas/Documents/work/rocketseat/projects/ignite-rn-08-iweather/src/contexts/CityContext.tsx","statementMap":{"0":{"start":{"line":16,"column":27},"end":{"line":16,"column":90}},"1":{"start":{"line":19,"column":44},"end":{"line":19,"column":58}},"2":{"start":{"line":20,"column":26},"end":{"line":20,"column":58}},"3":{"start":{"line":23,"column":4},"end":{"line":23,"column":27}},"4":{"start":{"line":25,"column":4},"end":{"line":25,"column":40}},"5":{"start":{"line":26,"column":4},"end":{"line":26,"column":26}},"6":{"start":{"line":28,"column":4},"end":{"line":28,"column":28}},"7":{"start":{"line":31,"column":2},"end":{"line":37,"column":9}},"8":{"start":{"line":32,"column":4},"end":{"line":32,"column":27}},"9":{"start":{"line":34,"column":4},"end":{"line":36,"column":46}},"10":{"start":{"line":35,"column":22},"end":{"line":35,"column":35}},"11":{"start":{"line":36,"column":21},"end":{"line":36,"column":44}},"12":{"start":{"line":39,"column":2},"end":{"line":47,"column":3}}},"fnMap":{"0":{"name":"CityProvider","decl":{"start":{"line":18,"column":16},"end":{"line":18,"column":28}},"loc":{"start":{"line":18,"column":69},"end":{"line":48,"column":1}},"line":18},"1":{"name":"handleChanceCity","decl":{"start":{"line":22,"column":17},"end":{"line":22,"column":33}},"loc":{"start":{"line":22,"column":59},"end":{"line":29,"column":3}},"line":22},"2":{"name":"(anonymous_2)","decl":{"start":{"line":31,"column":12},"end":{"line":31,"column":13}},"loc":{"start":{"line":31,"column":18},"end":{"line":37,"column":3}},"line":31},"3":{"name":"(anonymous_3)","decl":{"start":{"line":35,"column":12},"end":{"line":35,"column":13}},"loc":{"start":{"line":35,"column":22},"end":{"line":35,"column":35}},"line":35},"4":{"name":"(anonymous_4)","decl":{"start":{"line":36,"column":15},"end":{"line":36,"column":16}},"loc":{"start":{"line":36,"column":21},"end":{"line":36,"column":44}},"line":36}},"branchMap":{},"s":{"0":2,"1":12,"2":12,"3":1,"4":1,"5":1,"6":1,"7":12,"8":4,"9":4,"10":4,"11":4,"12":12},"f":{"0":12,"1":1,"2":4,"3":4,"4":4},"b":{},"_coverageSchema":"1a1c01bbd47fc00a2c39e90264f33305004495a9","hash":"dc44ff76839d97f0d35d5a891fec5640e99a2252"}
,"/Users/rennandouglas/Documents/work/rocketseat/projects/ignite-rn-08-iweather/src/hooks/useCity.ts": {"path":"/Users/rennandouglas/Documents/work/rocketseat/projects/ignite-rn-08-iweather/src/hooks/useCity.ts","statementMap":{"0":{"start":{"line":6,"column":18},"end":{"line":6,"column":41}},"1":{"start":{"line":8,"column":2},"end":{"line":8,"column":16}}},"fnMap":{"0":{"name":"useCity","decl":{"start":{"line":5,"column":16},"end":{"line":5,"column":23}},"loc":{"start":{"line":5,"column":26},"end":{"line":9,"column":1}},"line":5}},"branchMap":{},"s":{"0":23,"1":23},"f":{"0":23},"b":{},"_coverageSchema":"1a1c01bbd47fc00a2c39e90264f33305004495a9","hash":"4d361e122a89a9cf01bba3c0f5cab0fd028a990d"}
,"/Users/rennandouglas/Documents/work/rocketseat/projects/ignite-rn-08-iweather/src/libs/asyncStorage/cityStorage.ts": {"path":"/Users/rennandouglas/Documents/work/rocketseat/projects/ignite-rn-08-iweather/src/libs/asyncStorage/cityStorage.ts","statementMap":{"0":{"start":{"line":4,"column":20},"end":{"line":4,"column":36}},"1":{"start":{"line":7,"column":18},"end":{"line":7,"column":57}},"2":{"start":{"line":9,"column":19},"end":{"line":9,"column":68}},"3":{"start":{"line":11,"column":2},"end":{"line":11,"column":18}},"4":{"start":{"line":15,"column":2},"end":{"line":15,"column":64}},"5":{"start":{"line":19,"column":2},"end":{"line":19,"column":45}}},"fnMap":{"0":{"name":"getStorageCity","decl":{"start":{"line":6,"column":22},"end":{"line":6,"column":36}},"loc":{"start":{"line":6,"column":39},"end":{"line":12,"column":1}},"line":6},"1":{"name":"saveStorageCity","decl":{"start":{"line":14,"column":22},"end":{"line":14,"column":37}},"loc":{"start":{"line":14,"column":55},"end":{"line":16,"column":1}},"line":14},"2":{"name":"removeStorageCity","decl":{"start":{"line":18,"column":22},"end":{"line":18,"column":39}},"loc":{"start":{"line":18,"column":42},"end":{"line":20,"column":1}},"line":18}},"branchMap":{"0":{"loc":{"start":{"line":9,"column":19},"end":{"line":9,"column":68}},"type":"cond-expr","locations":[{"start":{"line":9,"column":29},"end":{"line":9,"column":61}},{"start":{"line":9,"column":64},"end":{"line":9,"column":68}}],"line":9}},"s":{"0":3,"1":7,"2":7,"3":7,"4":4,"5":1},"f":{"0":7,"1":4,"2":1},"b":{"0":[3,4]},"_coverageSchema":"1a1c01bbd47fc00a2c39e90264f33305004495a9","hash":"e9256ecbce78befb8486aca4e40d9cd190ef750c"}
,"/Users/rennandouglas/Documents/work/rocketseat/projects/ignite-rn-08-iweather/src/routes/app.routes.tsx": {"path":"/Users/rennandouglas/Documents/work/rocketseat/projects/ignite-rn-08-iweather/src/routes/app.routes.tsx","statementMap":{"0":{"start":{"line":6,"column":30},"end":{"line":6,"column":58}},"1":{"start":{"line":9,"column":2},"end":{"line":21,"column":3}}},"fnMap":{"0":{"name":"AppRoutes","decl":{"start":{"line":8,"column":16},"end":{"line":8,"column":25}},"loc":{"start":{"line":8,"column":28},"end":{"line":22,"column":1}},"line":8}},"branchMap":{},"s":{"0":1,"1":4},"f":{"0":4},"b":{},"_coverageSchema":"1a1c01bbd47fc00a2c39e90264f33305004495a9","hash":"2828234f9da7bc585098c952fd8f60c75838abea"}
,"/Users/rennandouglas/Documents/work/rocketseat/projects/ignite-rn-08-iweather/src/routes/index.tsx": {"path":"/Users/rennandouglas/Documents/work/rocketseat/projects/ignite-rn-08-iweather/src/routes/index.tsx","statementMap":{"0":{"start":{"line":12,"column":19},"end":{"line":12,"column":28}},"1":{"start":{"line":13,"column":17},"end":{"line":13,"column":36}},"2":{"start":{"line":15,"column":2},"end":{"line":21,"column":4}}},"fnMap":{"0":{"name":"Routes","decl":{"start":{"line":11,"column":16},"end":{"line":11,"column":22}},"loc":{"start":{"line":11,"column":25},"end":{"line":22,"column":1}},"line":11}},"branchMap":{"0":{"loc":{"start":{"line":18,"column":9},"end":{"line":18,"column":45}},"type":"cond-expr","locations":[{"start":{"line":18,"column":16},"end":{"line":18,"column":29}},{"start":{"line":18,"column":32},"end":{"line":18,"column":45}}],"line":18}},"s":{"0":8,"1":8,"2":8},"f":{"0":8},"b":{"0":[4,4]},"_coverageSchema":"1a1c01bbd47fc00a2c39e90264f33305004495a9","hash":"9b68e60ced95ea846b9b370becddf466e97959ab"}
,"/Users/rennandouglas/Documents/work/rocketseat/projects/ignite-rn-08-iweather/src/screens/Dashboard/index.tsx": {"path":"/Users/rennandouglas/Documents/work/rocketseat/projects/ignite-rn-08-iweather/src/screens/Dashboard/index.tsx","statementMap":{"0":{"start":{"line":17,"column":30},"end":{"line":17,"column":42}},"1":{"start":{"line":18,"column":40},"end":{"line":18,"column":55}},"2":{"start":{"line":19,"column":30},"end":{"line":19,"column":55}},"3":{"start":{"line":20,"column":50},"end":{"line":20,"column":64}},"4":{"start":{"line":21,"column":32},"end":{"line":21,"column":90}},"5":{"start":{"line":23,"column":52},"end":{"line":23,"column":61}},"6":{"start":{"line":26,"column":4},"end":{"line":26,"column":28}},"7":{"start":{"line":27,"column":4},"end":{"line":27,"column":18}},"8":{"start":{"line":28,"column":4},"end":{"line":28,"column":18}},"9":{"start":{"line":32,"column":4},"end":{"line":34,"column":5}},"10":{"start":{"line":33,"column":6},"end":{"line":33,"column":13}},"11":{"start":{"line":36,"column":4},"end":{"line":36,"column":30}},"12":{"start":{"line":38,"column":36},"end":{"line":38,"column":40}},"13":{"start":{"line":39,"column":21},"end":{"line":39,"column":75}},"14":{"start":{"line":41,"column":4},"end":{"line":41,"column":25}},"15":{"start":{"line":42,"column":4},"end":{"line":42,"column":31}},"16":{"start":{"line":46,"column":4},"end":{"line":46,"column":25}},"17":{"start":{"line":48,"column":21},"end":{"line":48,"column":53}},"18":{"start":{"line":50,"column":4},"end":{"line":50,"column":24}},"19":{"start":{"line":51,"column":4},"end":{"line":51,"column":26}},"20":{"start":{"line":54,"column":2},"end":{"line":63,"column":15}},"21":{"start":{"line":55,"column":4},"end":{"line":57,"column":5}},"22":{"start":{"line":56,"column":6},"end":{"line":56,"column":13}},"23":{"start":{"line":59,"column":4},"end":{"line":59,"column":21}},"24":{"start":{"line":60,"column":21},"end":{"line":60,"column":61}},"25":{"start":{"line":60,"column":38},"end":{"line":60,"column":55}},"26":{"start":{"line":62,"column":4},"end":{"line":62,"column":41}},"27":{"start":{"line":62,"column":17},"end":{"line":62,"column":40}},"28":{"start":{"line":65,"column":2},"end":{"line":67,"column":13}},"29":{"start":{"line":66,"column":4},"end":{"line":66,"column":24}},"30":{"start":{"line":69,"column":2},"end":{"line":71,"column":3}},"31":{"start":{"line":70,"column":4},"end":{"line":70,"column":23}},"32":{"start":{"line":73,"column":2},"end":{"line":91,"column":4}}},"fnMap":{"0":{"name":"Dashboard","decl":{"start":{"line":16,"column":16},"end":{"line":16,"column":25}},"loc":{"start":{"line":16,"column":28},"end":{"line":92,"column":1}},"line":16},"1":{"name":"handleSelect","decl":{"start":{"line":25,"column":11},"end":{"line":25,"column":23}},"loc":{"start":{"line":25,"column":42},"end":{"line":29,"column":3}},"line":25},"2":{"name":"getWeatherDetails","decl":{"start":{"line":31,"column":17},"end":{"line":31,"column":34}},"loc":{"start":{"line":31,"column":37},"end":{"line":43,"column":3}},"line":31},"3":{"name":"getCities","decl":{"start":{"line":45,"column":17},"end":{"line":45,"column":26}},"loc":{"start":{"line":45,"column":41},"end":{"line":52,"column":3}},"line":45},"4":{"name":"(anonymous_4)","decl":{"start":{"line":54,"column":12},"end":{"line":54,"column":13}},"loc":{"start":{"line":54,"column":18},"end":{"line":63,"column":3}},"line":54},"5":{"name":"(anonymous_5)","decl":{"start":{"line":60,"column":32},"end":{"line":60,"column":33}},"loc":{"start":{"line":60,"column":38},"end":{"line":60,"column":55}},"line":60},"6":{"name":"(anonymous_6)","decl":{"start":{"line":62,"column":11},"end":{"line":62,"column":12}},"loc":{"start":{"line":62,"column":17},"end":{"line":62,"column":40}},"line":62},"7":{"name":"(anonymous_7)","decl":{"start":{"line":65,"column":12},"end":{"line":65,"column":13}},"loc":{"start":{"line":65,"column":18},"end":{"line":67,"column":3}},"line":65}},"branchMap":{"0":{"loc":{"start":{"line":32,"column":4},"end":{"line":34,"column":5}},"type":"if","locations":[{"start":{"line":32,"column":4},"end":{"line":34,"column":5}},{"start":{},"end":{}}],"line":32},"1":{"loc":{"start":{"line":55,"column":4},"end":{"line":57,"column":5}},"type":"if","locations":[{"start":{"line":55,"column":4},"end":{"line":57,"column":5}},{"start":{},"end":{}}],"line":55},"2":{"loc":{"start":{"line":69,"column":2},"end":{"line":71,"column":3}},"type":"if","locations":[{"start":{"line":69,"column":2},"end":{"line":71,"column":3}},{"start":{},"end":{}}],"line":69},"3":{"loc":{"start":{"line":69,"column":6},"end":{"line":69,"column":48}},"type":"binary-expr","locations":[{"start":{"line":69,"column":6},"end":{"line":69,"column":22}},{"start":{"line":69,"column":26},"end":{"line":69,"column":39}},{"start":{"line":69,"column":43},"end":{"line":69,"column":48}}],"line":69}},"s":{"0":8,"1":8,"2":8,"3":8,"4":8,"5":8,"6":0,"7":0,"8":0,"9":2,"10":0,"11":2,"12":2,"13":2,"14":2,"15":2,"16":0,"17":0,"18":0,"19":0,"20":8,"21":2,"22":2,"23":0,"24":0,"25":0,"26":0,"27":0,"28":8,"29":2,"30":8,"31":6,"32":2},"f":{"0":8,"1":0,"2":2,"3":0,"4":2,"5":0,"6":0,"7":2},"b":{"0":[0,2],"1":[2,0],"2":[6,2],"3":[8,2,2]},"_coverageSchema":"1a1c01bbd47fc00a2c39e90264f33305004495a9","hash":"8a33e98207444fc67a8e722a839ac3fe0d312d39"}
,"/Users/rennandouglas/Documents/work/rocketseat/projects/ignite-rn-08-iweather/src/screens/Dashboard/styles.ts": {"path":"/Users/rennandouglas/Documents/work/rocketseat/projects/ignite-rn-08-iweather/src/screens/Dashboard/styles.ts","statementMap":{"0":{"start":{"line":4,"column":22},"end":{"line":16,"column":2}}},"fnMap":{},"branchMap":{},"s":{"0":1},"f":{},"b":{},"_coverageSchema":"1a1c01bbd47fc00a2c39e90264f33305004495a9","hash":"81e7175b10b321027f022763bbbd39c285027004"}
,"/Users/rennandouglas/Documents/work/rocketseat/projects/ignite-rn-08-iweather/src/screens/Search/index.tsx": {"path":"/Users/rennandouglas/Documents/work/rocketseat/projects/ignite-rn-08-iweather/src/screens/Search/index.tsx","statementMap":{"0":{"start":{"line":14,"column":30},"end":{"line":14,"column":42}},"1":{"start":{"line":15,"column":36},"end":{"line":15,"column":51}},"2":{"start":{"line":16,"column":30},"end":{"line":16,"column":55}},"3":{"start":{"line":18,"column":31},"end":{"line":18,"column":40}},"4":{"start":{"line":21,"column":4},"end":{"line":21,"column":23}},"5":{"start":{"line":23,"column":21},"end":{"line":23,"column":53}},"6":{"start":{"line":25,"column":4},"end":{"line":25,"column":24}},"7":{"start":{"line":26,"column":4},"end":{"line":26,"column":24}},"8":{"start":{"line":29,"column":2},"end":{"line":37,"column":15}},"9":{"start":{"line":30,"column":4},"end":{"line":32,"column":5}},"10":{"start":{"line":31,"column":6},"end":{"line":31,"column":13}},"11":{"start":{"line":34,"column":21},"end":{"line":34,"column":61}},"12":{"start":{"line":34,"column":38},"end":{"line":34,"column":55}},"13":{"start":{"line":36,"column":4},"end":{"line":36,"column":41}},"14":{"start":{"line":36,"column":17},"end":{"line":36,"column":40}},"15":{"start":{"line":39,"column":2},"end":{"line":63,"column":4}}},"fnMap":{"0":{"name":"Search","decl":{"start":{"line":13,"column":16},"end":{"line":13,"column":22}},"loc":{"start":{"line":13,"column":25},"end":{"line":64,"column":1}},"line":13},"1":{"name":"getCities","decl":{"start":{"line":20,"column":17},"end":{"line":20,"column":26}},"loc":{"start":{"line":20,"column":41},"end":{"line":27,"column":3}},"line":20},"2":{"name":"(anonymous_2)","decl":{"start":{"line":29,"column":12},"end":{"line":29,"column":13}},"loc":{"start":{"line":29,"column":18},"end":{"line":37,"column":3}},"line":29},"3":{"name":"(anonymous_3)","decl":{"start":{"line":34,"column":32},"end":{"line":34,"column":33}},"loc":{"start":{"line":34,"column":38},"end":{"line":34,"column":55}},"line":34},"4":{"name":"(anonymous_4)","decl":{"start":{"line":36,"column":11},"end":{"line":36,"column":12}},"loc":{"start":{"line":36,"column":17},"end":{"line":36,"column":40}},"line":36}},"branchMap":{"0":{"loc":{"start":{"line":30,"column":4},"end":{"line":32,"column":5}},"type":"if","locations":[{"start":{"line":30,"column":4},"end":{"line":32,"column":5}},{"start":{},"end":{}}],"line":30}},"s":{"0":4,"1":4,"2":4,"3":4,"4":0,"5":0,"6":0,"7":0,"8":4,"9":3,"10":3,"11":0,"12":0,"13":0,"14":0,"15":4},"f":{"0":4,"1":0,"2":3,"3":0,"4":0},"b":{"0":[3,0]},"_coverageSchema":"1a1c01bbd47fc00a2c39e90264f33305004495a9","hash":"35f99e17c04ec99e37481551e4c3fff5d5b5d356"}
,"/Users/rennandouglas/Documents/work/rocketseat/projects/ignite-rn-08-iweather/src/screens/Search/styles.ts": {"path":"/Users/rennandouglas/Documents/work/rocketseat/projects/ignite-rn-08-iweather/src/screens/Search/styles.ts","statementMap":{"0":{"start":{"line":4,"column":19},"end":{"line":4,"column":43}},"1":{"start":{"line":6,"column":22},"end":{"line":40,"column":2}}},"fnMap":{},"branchMap":{},"s":{"0":1,"1":1},"f":{},"b":{},"_coverageSchema":"1a1c01bbd47fc00a2c39e90264f33305004495a9","hash":"d644e8bf9c6885d9c66fbee7fea1f41949423902"}
,"/Users/rennandouglas/Documents/work/rocketseat/projects/ignite-rn-08-iweather/src/services/api.ts": {"path":"/Users/rennandouglas/Documents/work/rocketseat/projects/ignite-rn-08-iweather/src/services/api.ts","statementMap":{"0":{"start":{"line":3,"column":19},"end":{"line":10,"column":2}}},"fnMap":{},"branchMap":{},"s":{"0":3},"f":{},"b":{},"_coverageSchema":"1a1c01bbd47fc00a2c39e90264f33305004495a9","hash":"3a979a85ff3989933809837f3a46fd80ea01774e"}
,"/Users/rennandouglas/Documents/work/rocketseat/projects/ignite-rn-08-iweather/src/services/getCityByNameService.ts": {"path":"/Users/rennandouglas/Documents/work/rocketseat/projects/ignite-rn-08-iweather/src/services/getCityByNameService.ts","statementMap":{"0":{"start":{"line":23,"column":2},"end":{"line":36,"column":3}},"1":{"start":{"line":24,"column":21},"end":{"line":24,"column":73}},"2":{"start":{"line":26,"column":17},"end":{"line":31,"column":5}},"3":{"start":{"line":33,"column":4},"end":{"line":33,"column":18}},"4":{"start":{"line":35,"column":4},"end":{"line":35,"column":14}}},"fnMap":{"0":{"name":"getCityByNameService","decl":{"start":{"line":22,"column":22},"end":{"line":22,"column":42}},"loc":{"start":{"line":22,"column":84},"end":{"line":37,"column":1}},"line":22}},"branchMap":{"0":{"loc":{"start":{"line":28,"column":12},"end":{"line":28,"column":78}},"type":"cond-expr","locations":[{"start":{"line":28,"column":31},"end":{"line":28,"column":66}},{"start":{"line":28,"column":69},"end":{"line":28,"column":78}}],"line":28}},"s":{"0":1,"1":1,"2":1,"3":1,"4":0},"f":{"0":1},"b":{"0":[1,0]},"_coverageSchema":"1a1c01bbd47fc00a2c39e90264f33305004495a9","hash":"7a97d2648a30a1f365dded3334a2aee81fd96bfc"}
,"/Users/rennandouglas/Documents/work/rocketseat/projects/ignite-rn-08-iweather/src/services/getWeatherByCityService.ts": {"path":"/Users/rennandouglas/Documents/work/rocketseat/projects/ignite-rn-08-iweather/src/services/getWeatherByCityService.ts","statementMap":{"0":{"start":{"line":46,"column":19},"end":{"line":46,"column":103}},"1":{"start":{"line":47,"column":39},"end":{"line":47,"column":51}},"2":{"start":{"line":49,"column":16},"end":{"line":64,"column":3}},"3":{"start":{"line":66,"column":15},"end":{"line":66,"column":28}},"4":{"start":{"line":67,"column":30},"end":{"line":67,"column":32}},"5":{"start":{"line":68,"column":31},"end":{"line":68,"column":33}},"6":{"start":{"line":70,"column":2},"end":{"line":88,"column":5}},"7":{"start":{"line":71,"column":16},"end":{"line":71,"column":60}},"8":{"start":{"line":73,"column":4},"end":{"line":87,"column":5}},"9":{"start":{"line":74,"column":6},"end":{"line":74,"column":26}},"10":{"start":{"line":76,"column":44},"end":{"line":76,"column":64}},"11":{"start":{"line":78,"column":22},"end":{"line":78,"column":42}},"12":{"start":{"line":80,"column":6},"end":{"line":86,"column":9}},"13":{"start":{"line":90,"column":2},"end":{"line":90,"column":28}}},"fnMap":{"0":{"name":"getWeatherByCityService","decl":{"start":{"line":45,"column":22},"end":{"line":45,"column":45}},"loc":{"start":{"line":45,"column":126},"end":{"line":91,"column":1}},"line":45},"1":{"name":"(anonymous_1)","decl":{"start":{"line":70,"column":20},"end":{"line":70,"column":21}},"loc":{"start":{"line":70,"column":35},"end":{"line":88,"column":3}},"line":70}},"branchMap":{"0":{"loc":{"start":{"line":73,"column":4},"end":{"line":87,"column":5}},"type":"if","locations":[{"start":{"line":73,"column":4},"end":{"line":87,"column":5}},{"start":{},"end":{}}],"line":73},"1":{"loc":{"start":{"line":73,"column":8},"end":{"line":73,"column":54}},"type":"binary-expr","locations":[{"start":{"line":73,"column":8},"end":{"line":73,"column":26}},{"start":{"line":73,"column":30},"end":{"line":73,"column":54}}],"line":73}},"s":{"0":3,"1":3,"2":3,"3":3,"4":3,"5":3,"6":3,"7":6,"8":6,"9":3,"10":3,"11":3,"12":3,"13":3},"f":{"0":3,"1":6},"b":{"0":[3,3],"1":[6,6]},"_coverageSchema":"1a1c01bbd47fc00a2c39e90264f33305004495a9","hash":"67b80c47aab0a458bad66a2df029e733d7b31723"}
,"/Users/rennandouglas/Documents/work/rocketseat/projects/ignite-rn-08-iweather/src/styles/theme.ts": {"path":"/Users/rennandouglas/Documents/work/rocketseat/projects/ignite-rn-08-iweather/src/styles/theme.ts","statementMap":{"0":{"start":{"line":1,"column":21},"end":{"line":23,"column":1}}},"fnMap":{},"branchMap":{},"s":{"0":6},"f":{},"b":{},"_coverageSchema":"1a1c01bbd47fc00a2c39e90264f33305004495a9","hash":"05bb50d439ca8977e79832eba9c3231b6848da3e"}
,"/Users/rennandouglas/Documents/work/rocketseat/projects/ignite-rn-08-iweather/src/utils/getNextDays.ts": {"path":"/Users/rennandouglas/Documents/work/rocketseat/projects/ignite-rn-08-iweather/src/utils/getNextDays.ts","statementMap":{"0":{"start":{"line":4,"column":15},"end":{"line":4,"column":17}},"1":{"start":{"line":5,"column":16},"end":{"line":5,"column":26}},"2":{"start":{"line":7,"column":2},"end":{"line":13,"column":3}},"3":{"start":{"line":7,"column":15},"end":{"line":7,"column":16}},"4":{"start":{"line":8,"column":17},"end":{"line":8,"column":27}},"5":{"start":{"line":10,"column":4},"end":{"line":10,"column":44}},"6":{"start":{"line":12,"column":4},"end":{"line":12,"column":43}},"7":{"start":{"line":15,"column":2},"end":{"line":15,"column":14}}},"fnMap":{"0":{"name":"getNextDays","decl":{"start":{"line":3,"column":16},"end":{"line":3,"column":27}},"loc":{"start":{"line":3,"column":30},"end":{"line":16,"column":1}},"line":3}},"branchMap":{},"s":{"0":4,"1":4,"2":4,"3":4,"4":20,"5":20,"6":20,"7":4},"f":{"0":4},"b":{},"_coverageSchema":"1a1c01bbd47fc00a2c39e90264f33305004495a9","hash":"4d1d23c638cf736040de8064e92bdb4295c5f453"}
,"/Users/rennandouglas/Documents/work/rocketseat/projects/ignite-rn-08-iweather/src/utils/isDayTime.ts": {"path":"/Users/rennandouglas/Documents/work/rocketseat/projects/ignite-rn-08-iweather/src/utils/isDayTime.ts","statementMap":{"0":{"start":{"line":2,"column":16},"end":{"line":2,"column":37}},"1":{"start":{"line":3,"column":2},"end":{"line":3,"column":33}}},"fnMap":{"0":{"name":"isDayTime","decl":{"start":{"line":1,"column":16},"end":{"line":1,"column":25}},"loc":{"start":{"line":1,"column":28},"end":{"line":4,"column":1}},"line":1}},"branchMap":{"0":{"loc":{"start":{"line":3,"column":9},"end":{"line":3,"column":32}},"type":"binary-expr","locations":[{"start":{"line":3,"column":9},"end":{"line":3,"column":18}},{"start":{"line":3,"column":22},"end":{"line":3,"column":32}}],"line":3}},"s":{"0":2,"1":2},"f":{"0":2},"b":{"0":[2,2]},"_coverageSchema":"1a1c01bbd47fc00a2c39e90264f33305004495a9","hash":"1a537d17ecd22546edcb03ffc660babb1fc9354d"}
,"/Users/rennandouglas/Documents/work/rocketseat/projects/ignite-rn-08-iweather/src/utils/weatherIcons.ts": {"path":"/Users/rennandouglas/Documents/work/rocketseat/projects/ignite-rn-08-iweather/src/utils/weatherIcons.ts","statementMap":{"0":{"start":{"line":20,"column":28},"end":{"line":49,"column":1}}},"fnMap":{},"branchMap":{},"s":{"0":2},"f":{},"b":{},"_coverageSchema":"1a1c01bbd47fc00a2c39e90264f33305004495a9","hash":"168e0b238881ccf08ca732235ce28fb5eed51c15"}
}
