TN:
SF:src/assets/background.png
FNF:0
FNH:0
DA:1,1
LF:1
LH:1
BRF:0
BRH:0
end_of_record
TN:
SF:src/assets/bg_clear_day.png
FNF:0
FNH:0
DA:1,2
LF:1
LH:1
BRF:0
BRH:0
end_of_record
TN:
SF:src/assets/bg_clear_night.png
FNF:0
FNH:0
DA:1,2
LF:1
LH:1
BRF:0
BRH:0
end_of_record
TN:
SF:src/assets/bg_cloudy_day.png
FNF:0
FNH:0
DA:1,2
LF:1
LH:1
BRF:0
BRH:0
end_of_record
TN:
SF:src/assets/bg_cloudy_night.png
FNF:0
FNH:0
DA:1,2
LF:1
LH:1
BRF:0
BRH:0
end_of_record
TN:
SF:src/assets/bg_rain_day.png
FNF:0
FNH:0
DA:1,2
LF:1
LH:1
BRF:0
BRH:0
end_of_record
TN:
SF:src/assets/bg_rain_night.png
FNF:0
FNH:0
DA:1,2
LF:1
LH:1
BRF:0
BRH:0
end_of_record
TN:
SF:src/assets/bg_snow_day.png
FNF:0
FNH:0
DA:1,2
LF:1
LH:1
BRF:0
BRH:0
end_of_record
TN:
SF:src/assets/bg_snow_night.png
FNF:0
FNH:0
DA:1,2
LF:1
LH:1
BRF:0
BRH:0
end_of_record
TN:
SF:src/assets/clear_day.svg
FN:3,SvgClear_day
FNF:1
FNH:1
FNDA:10,SvgClear_day
DA:2,4
DA:4,10
DA:9,4
LF:3
LH:3
BRF:0
BRH:0
end_of_record
TN:
SF:src/assets/clear_night.svg
FN:3,SvgClear_night
FNF:1
FNH:0
FNDA:0,SvgClear_night
DA:2,2
DA:4,0
DA:9,2
LF:3
LH:2
BRF:0
BRH:0
end_of_record
TN:
SF:src/assets/cloudy_day.svg
FN:3,SvgCloudy_day
FNF:1
FNH:0
FNDA:0,SvgCloudy_day
DA:2,2
DA:4,0
DA:9,2
LF:3
LH:2
BRF:0
BRH:0
end_of_record
TN:
SF:src/assets/cloudy_night.svg
FN:3,SvgCloudy_night
FNF:1
FNH:0
FNDA:0,SvgCloudy_night
DA:2,2
DA:4,0
DA:9,2
LF:3
LH:2
BRF:0
BRH:0
end_of_record
TN:
SF:src/assets/drop.svg
FN:3,SvgDrop
FNF:1
FNH:1
FNDA:3,SvgDrop
DA:2,2
DA:4,3
DA:9,2
LF:3
LH:3
BRF:0
BRH:0
end_of_record
TN:
SF:src/assets/logo.svg
FN:3,SvgLogo
FNF:1
FNH:1
FNDA:4,SvgLogo
DA:2,1
DA:4,4
DA:9,1
LF:3
LH:3
BRF:0
BRH:0
end_of_record
TN:
SF:src/assets/rain.svg
FN:3,SvgRain
FNF:1
FNH:1
FNDA:2,SvgRain
DA:2,1
DA:4,2
DA:9,1
LF:3
LH:3
BRF:0
BRH:0
end_of_record
TN:
SF:src/assets/rain_moment_day.svg
FN:3,SvgRain_moment_day
FNF:1
FNH:0
FNDA:0,SvgRain_moment_day
DA:2,2
DA:4,0
DA:9,2
LF:3
LH:2
BRF:0
BRH:0
end_of_record
TN:
SF:src/assets/snow_day.svg
FN:3,SvgSnow_day
FNF:1
FNH:0
FNDA:0,SvgSnow_day
DA:2,2
DA:4,0
DA:9,2
LF:3
LH:2
BRF:0
BRH:0
end_of_record
TN:
SF:src/assets/snow_night.svg
FN:3,SvgSnow_night
FNF:1
FNH:0
FNDA:0,SvgSnow_night
DA:2,2
DA:4,0
DA:9,2
LF:3
LH:2
BRF:0
BRH:0
end_of_record
TN:
SF:src/assets/sun.svg
FN:3,SvgSun
FNF:1
FNH:1
FNDA:2,SvgSun
DA:2,1
DA:4,2
DA:9,1
LF:3
LH:3
BRF:0
BRH:0
end_of_record
TN:
SF:src/assets/thermometer.svg
FN:3,SvgThermometer
FNF:1
FNH:1
FNDA:2,SvgThermometer
DA:2,1
DA:4,2
DA:9,1
LF:3
LH:3
BRF:0
BRH:0
end_of_record
TN:
SF:src/assets/wind.svg
FN:3,SvgWind
FNF:1
FNH:1
FNDA:2,SvgWind
DA:2,1
DA:4,2
DA:9,1
LF:3
LH:3
BRF:0
BRH:0
end_of_record
TN:
SF:src/components/Day/index.tsx
FN:18,Day
FNF:1
FNH:1
FNDA:8,Day
DA:19,8
DA:21,8
LF:2
LH:2
BRF:0
BRH:0
end_of_record
TN:
SF:src/components/Day/styles.ts
FNF:0
FNH:0
DA:4,3
LF:1
LH:1
BRF:0
BRH:0
end_of_record
TN:
SF:src/components/Input/index.tsx
FN:10,Input
FNF:1
FNH:1
FNDA:10,Input
DA:11,10
LF:1
LH:1
BRDA:10,0,0,3
BRDA:20,1,0,10
BRDA:20,1,1,1
BRF:3
BRH:3
end_of_record
TN:
SF:src/components/Input/styles.ts
FNF:0
FNH:0
DA:4,3
LF:1
LH:1
BRF:0
BRH:0
end_of_record
TN:
SF:src/components/Loading/index.tsx
FN:6,Loading
FNF:1
FNH:1
FNDA:6,Loading
DA:7,6
LF:1
LH:1
BRF:0
BRH:0
end_of_record
TN:
SF:src/components/Loading/styles.ts
FNF:0
FNH:0
DA:4,1
LF:1
LH:1
BRF:0
BRH:0
end_of_record
TN:
SF:src/components/NextDays/index.tsx
FN:11,NextDays
FN:15,(anonymous_1)
FNF:2
FNH:2
FNDA:3,NextDays
FNDA:7,(anonymous_1)
DA:12,3
DA:16,7
LF:2
LH:2
BRF:0
BRH:0
end_of_record
TN:
SF:src/components/NextDays/styles.ts
FNF:0
FNH:0
DA:4,2
LF:1
LH:1
BRF:0
BRH:0
end_of_record
TN:
SF:src/components/SelectList/index.tsx
FN:16,SelectList
FN:28,(anonymous_1)
FN:32,(anonymous_2)
FNF:3
FNH:3
FNDA:8,SelectList
FNDA:2,(anonymous_1)
FNDA:1,(anonymous_2)
DA:17,8
DA:29,2
DA:32,1
LF:3
LH:3
BRF:0
BRH:0
end_of_record
TN:
SF:src/components/SelectList/styles.ts
FNF:0
FNH:0
DA:4,2
LF:1
LH:1
BRF:0
BRH:0
end_of_record
TN:
SF:src/components/WeatherDetails/index.tsx
FN:25,WeatherDetails
FNF:1
FNH:1
FNDA:2,WeatherDetails
DA:26,2
LF:1
LH:1
BRF:0
BRH:0
end_of_record
TN:
SF:src/components/WeatherDetails/styles.ts
FNF:0
FNH:0
DA:4,1
LF:1
LH:1
BRF:0
BRH:0
end_of_record
TN:
SF:src/components/WeatherItem/index.tsx
FN:13,WeatherItem
FNF:1
FNH:1
FNDA:11,WeatherItem
DA:14,11
LF:1
LH:1
BRDA:13,0,0,9
BRDA:15,1,0,11
BRDA:15,1,1,9
BRF:3
BRH:3
end_of_record
TN:
SF:src/components/WeatherItem/styles.ts
FNF:0
FNH:0
DA:4,2
LF:1
LH:1
BRF:0
BRH:0
end_of_record
TN:
SF:src/components/WeatherToday/index.tsx
FN:22,WeatherToday
FNF:1
FNH:1
FNDA:2,WeatherToday
DA:23,2
DA:24,2
DA:26,2
DA:27,2
DA:29,2
LF:5
LH:5
BRDA:26,0,0,2
BRDA:26,0,1,0
BRDA:27,1,0,2
BRDA:27,1,1,0
BRF:4
BRH:2
end_of_record
TN:
SF:src/components/WeatherToday/styles.ts
FNF:0
FNH:0
DA:4,1
LF:1
LH:1
BRF:0
BRH:0
end_of_record
TN:
SF:src/contexts/CityContext.tsx
FN:18,CityProvider
FN:22,handleChanceCity
FN:31,(anonymous_2)
FN:35,(anonymous_3)
FN:36,(anonymous_4)
FNF:5
FNH:5
FNDA:12,CityProvider
FNDA:1,handleChanceCity
FNDA:4,(anonymous_2)
FNDA:4,(anonymous_3)
FNDA:4,(anonymous_4)
DA:16,2
DA:19,12
DA:20,12
DA:23,1
DA:25,1
DA:26,1
DA:28,1
DA:31,12
DA:32,4
DA:34,4
DA:35,4
DA:36,4
DA:39,12
LF:13
LH:13
BRF:0
BRH:0
end_of_record
TN:
SF:src/hooks/useCity.ts
FN:5,useCity
FNF:1
FNH:1
FNDA:23,useCity
DA:6,23
DA:8,23
LF:2
LH:2
BRF:0
BRH:0
end_of_record
TN:
SF:src/libs/asyncStorage/cityStorage.ts
FN:6,getStorageCity
FN:14,saveStorageCity
FN:18,removeStorageCity
FNF:3
FNH:3
FNDA:7,getStorageCity
FNDA:4,saveStorageCity
FNDA:1,removeStorageCity
DA:4,3
DA:7,7
DA:9,7
DA:11,7
DA:15,4
DA:19,1
LF:6
LH:6
BRDA:9,0,0,3
BRDA:9,0,1,4
BRF:2
BRH:2
end_of_record
TN:
SF:src/routes/app.routes.tsx
FN:8,AppRoutes
FNF:1
FNH:1
FNDA:4,AppRoutes
DA:6,1
DA:9,4
LF:2
LH:2
BRF:0
BRH:0
end_of_record
TN:
SF:src/routes/index.tsx
FN:11,Routes
FNF:1
FNH:1
FNDA:8,Routes
DA:12,8
DA:13,8
DA:15,8
LF:3
LH:3
BRDA:18,0,0,4
BRDA:18,0,1,4
BRF:2
BRH:2
end_of_record
TN:
SF:src/screens/Dashboard/index.tsx
FN:16,Dashboard
FN:25,handleSelect
FN:31,getWeatherDetails
FN:45,getCities
FN:54,(anonymous_4)
FN:60,(anonymous_5)
FN:62,(anonymous_6)
FN:65,(anonymous_7)
FNF:8
FNH:4
FNDA:8,Dashboard
FNDA:0,handleSelect
FNDA:2,getWeatherDetails
FNDA:0,getCities
FNDA:2,(anonymous_4)
FNDA:0,(anonymous_5)
FNDA:0,(anonymous_6)
FNDA:2,(anonymous_7)
DA:17,8
DA:18,8
DA:19,8
DA:20,8
DA:21,8
DA:23,8
DA:26,0
DA:27,0
DA:28,0
DA:32,2
DA:33,0
DA:36,2
DA:38,2
DA:39,2
DA:41,2
DA:42,2
DA:46,0
DA:48,0
DA:50,0
DA:51,0
DA:54,8
DA:55,2
DA:56,2
DA:59,0
DA:60,0
DA:62,0
DA:65,8
DA:66,2
DA:69,8
DA:70,6
DA:73,2
LF:31
LH:20
BRDA:32,0,0,0
BRDA:32,0,1,2
BRDA:55,1,0,2
BRDA:55,1,1,0
BRDA:69,2,0,6
BRDA:69,2,1,2
BRDA:69,3,0,8
BRDA:69,3,1,2
BRDA:69,3,2,2
BRF:9
BRH:7
end_of_record
TN:
SF:src/screens/Dashboard/styles.ts
FNF:0
FNH:0
DA:4,1
LF:1
LH:1
BRF:0
BRH:0
end_of_record
TN:
SF:src/screens/Search/index.tsx
FN:13,Search
FN:20,getCities
FN:29,(anonymous_2)
FN:34,(anonymous_3)
FN:36,(anonymous_4)
FNF:5
FNH:2
FNDA:4,Search
FNDA:0,getCities
FNDA:3,(anonymous_2)
FNDA:0,(anonymous_3)
FNDA:0,(anonymous_4)
DA:14,4
DA:15,4
DA:16,4
DA:18,4
DA:21,0
DA:23,0
DA:25,0
DA:26,0
DA:29,4
DA:30,3
DA:31,3
DA:34,0
DA:36,0
DA:39,4
LF:14
LH:8
BRDA:30,0,0,3
BRDA:30,0,1,0
BRF:2
BRH:1
end_of_record
TN:
SF:src/screens/Search/styles.ts
FNF:0
FNH:0
DA:4,1
DA:6,1
LF:2
LH:2
BRF:0
BRH:0
end_of_record
TN:
SF:src/services/api.ts
FNF:0
FNH:0
DA:3,3
LF:1
LH:1
BRF:0
BRH:0
end_of_record
TN:
SF:src/services/getCityByNameService.ts
FN:22,getCityByNameService
FNF:1
FNH:1
FNDA:1,getCityByNameService
DA:23,1
DA:24,1
DA:26,1
DA:33,1
DA:35,0
LF:5
LH:4
BRDA:28,0,0,1
BRDA:28,0,1,0
BRF:2
BRH:1
end_of_record
TN:
SF:src/services/getWeatherByCityService.ts
FN:45,getWeatherByCityService
FN:70,(anonymous_1)
FNF:2
FNH:2
FNDA:3,getWeatherByCityService
FNDA:6,(anonymous_1)
DA:46,3
DA:47,3
DA:49,3
DA:66,3
DA:67,3
DA:68,3
DA:70,3
DA:71,6
DA:73,6
DA:74,3
DA:76,3
DA:78,3
DA:80,3
DA:90,3
LF:14
LH:14
BRDA:73,0,0,3
BRDA:73,0,1,3
BRDA:73,1,0,6
BRDA:73,1,1,6
BRF:4
BRH:4
end_of_record
TN:
SF:src/styles/theme.ts
FNF:0
FNH:0
DA:1,6
LF:1
LH:1
BRF:0
BRH:0
end_of_record
TN:
SF:src/utils/getNextDays.ts
FN:3,getNextDays
FNF:1
FNH:1
FNDA:4,getNextDays
DA:4,4
DA:5,4
DA:7,4
DA:8,20
DA:10,20
DA:12,20
DA:15,4
LF:7
LH:7
BRF:0
BRH:0
end_of_record
TN:
SF:src/utils/isDayTime.ts
FN:1,isDayTime
FNF:1
FNH:1
FNDA:2,isDayTime
DA:2,2
DA:3,2
LF:2
LH:2
BRDA:3,0,0,2
BRDA:3,0,1,2
BRF:2
BRH:2
end_of_record
TN:
SF:src/utils/weatherIcons.ts
FNF:0
FNH:0
DA:20,2
LF:1
LH:1
BRF:0
BRH:0
end_of_record
